<?xml version="1.0" encoding="UTF-8"?>
<!-- Generated by org.testng.reporters.JUnitReportReporter -->
<testsuite hostname="Umair-G5" failures="0" tests="12" name="api.test.taskFour" time="6.246" errors="0" timestamp="2023-12-16T19:40:10 PKT" skipped="0">
  <testcase classname="api.test.taskFour" name="testGetUserDetails" time="0.712"/>
  <testcase classname="api.test.taskFour" name="testGetUserDetails" time="0.001"/>
  <testcase classname="api.test.taskFour" name="testGetUserDetails" time="0.727"/>
  <testcase classname="api.test.taskFour" name="testGetUserDetails" time="0.381"/>
  <testcase classname="api.test.taskFour" name="testGetUserDetails" time="0.726"/>
  <testcase classname="api.test.taskFour" name="testGetUserDetails" time="0.390"/>
  <testcase classname="api.test.taskFour" name="testGetUserDetails" time="0.792"/>
  <testcase classname="api.test.taskFour" name="testGetUserDetails" time="0.374"/>
  <testcase classname="api.test.taskFour" name="testGetUserDetails" time="0.345"/>
  <testcase classname="api.test.taskFour" name="testGetUserDetails" time="0.367"/>
  <testcase classname="api.test.taskFour" name="testGetUserDetails" time="0.746"/>
  <testcase classname="api.test.taskFour" name="deleteRecord" time="0.685"/>
</testsuite> <!-- api.test.taskFour -->
