<?xml version="1.0" encoding="UTF-8"?>
<!-- Generated by org.testng.reporters.JUnitReportReporter -->
<testsuite hostname="Umair-G5" failures="0" tests="12" name="api.test.taskFour" time="4.170" errors="0" timestamp="2023-12-16T18:42:34 PKT" skipped="0">
  <testcase classname="api.test.taskFour" name="testGetUserDetails" time="0.344"/>
  <testcase classname="api.test.taskFour" name="testGetUserDetails" time="0.001"/>
  <testcase classname="api.test.taskFour" name="testGetUserDetails" time="0.350"/>
  <testcase classname="api.test.taskFour" name="testGetUserDetails" time="0.352"/>
  <testcase classname="api.test.taskFour" name="testGetUserDetails" time="0.353"/>
  <testcase classname="api.test.taskFour" name="testGetUserDetails" time="0.335"/>
  <testcase classname="api.test.taskFour" name="testGetUserDetails" time="0.341"/>
  <testcase classname="api.test.taskFour" name="testGetUserDetails" time="0.358"/>
  <testcase classname="api.test.taskFour" name="testGetUserDetails" time="0.336"/>
  <testcase classname="api.test.taskFour" name="testGetUserDetails" time="0.370"/>
  <testcase classname="api.test.taskFour" name="testGetUserDetails" time="0.340"/>
  <testcase classname="api.test.taskFour" name="deleteRecord" time="0.690"/>
</testsuite> <!-- api.test.taskFour -->
